<?xml version="1.0" encoding="UTF-8"?>
<!-- Generated by org.testng.reporters.JUnitXMLReporter -->
<testsuite hostname="Tvl-2" name="mainPage" tests="3" failures="0" timestamp="18 Mar 2014 12:47:58 GMT" time="35.578" errors="0">
  <testcase name="_01_T_FacebookAuthorisation" time="5.566" classname="Tests._01_FacebookAuthorisation"/>
  <testcase name="_02_T_nputFieldText" time="1.432" classname="Tests._02_InputFieldText"/>
  <testcase name="_03_T_PopUpOnLogin" time="1.183" classname="Tests._02_InputFieldText"/>
</testsuite> <!-- mainPage -->
