<?xml version="1.0" encoding="UTF-8"?>
<!-- Generated by org.testng.reporters.JUnitXMLReporter -->
<testsuite hostname="Tvl-2" name="mainPage" tests="28" failures="1" timestamp="3 Apr 2014 15:02:23 GMT" time="704.367" errors="0">
  <testcase name="_01_T_FacebookAuthorisation" time="7.547" classname="Tests._01_FacebookAuthorisation"/>
  <testcase name="_02_T_nputFieldText" time="1.493" classname="Tests._02_InputFieldText"/>
  <testcase name="_03_T_PopUpOnLogin" time="1.163" classname="Tests._03_PopUpOnLogin"/>
  <testcase name="_04_T_PopUpOnDetectMy" time="2.471" classname="Tests._04_PopUpOnDetectMy"/>
  <testcase name="_05_T_PopUpOnDetectMy_02" time="24.952" classname="Tests._05_PopUpOnDetectMy_02"/>
  <testcase name="_06_T_NameRequired" time="3.933" classname="Tests._06_NameRequired"/>
  <testcase name="_07_T_IllegalMail" time="4.016" classname="Tests._07_IllegalMail"/>
  <testcase name="_08_T_RoleInput" time="1.581" classname="Tests._08_RoleInput"/>
  <testcase name="_09_T_DetectLink" time="1.391" classname="Tests._09_DetectLink"/>
  <testcase name="_10_T_ChemistryScoreButtonPopUp" time="15.95" classname="Tests._10_ChemistryScoreButtonPopUp"/>
  <testcase name="_11_T_DeleteEl" time="18.676" classname="Tests._11_DeleteEl"/>
  <testcase name="_12_T_SaveTeamData" time="26.863" classname="Tests._12_SaveTeamData"/>
  <testcase name="_13_T_LockEdit" time="19.817" classname="Tests._13_LockEdit"/>
  <testcase name="_14_T_QqForMyself" time="2.436" classname="Tests._14_QqForMyself"/>
  <testcase name="_15_T_QqDiscByMyself" time="4.626" classname="Tests._15_QqDiscByMyself"/>
  <testcase name="_16_T_FwBwArrows" time="3.182" classname="Tests._16_FwBwArrows"/>
  <testcase name="_17_T_WarningPopUpTestPage" time="9.823" classname="Tests._17_WarningPopUpTestPage"/>
  <testcase name="_18_T_SocTypeAssert" time="9.172" classname="Tests._18_SocTypeAssert"/>
  <testcase name="_09_T_CommonElementsGraph" time="18.47" classname="Tests._19_CommonElementsGraph"/>
  <testcase name="_20_T_SelectVertex" time="22.048" classname="Tests._20_SelectVertex"/>
  <testcase name="_21_T_ClickOnLine" time="23.118" classname="Tests._21_ClickOnLine">
    <failure type="java.lang.StringIndexOutOfBoundsException" message="String index out of range: -1">
      <![CDATA[java.lang.StringIndexOutOfBoundsException: String index out of range: -1
	at java.lang.String.substring(String.java:1918)
	at Tests._21_ClickOnLine._21_T_ClickOnLine(_21_ClickOnLine.java:59)
	at sun.reflect.NativeMethodAccessorImpl.invoke0(Native Method)
	at sun.reflect.NativeMethodAccessorImpl.invoke(NativeMethodAccessorImpl.java:62)
	at sun.reflect.DelegatingMethodAccessorImpl.invoke(DelegatingMethodAccessorImpl.java:43)
	at java.lang.reflect.Method.invoke(Method.java:483)
	at org.testng.internal.MethodInvocationHelper.invokeMethod(MethodInvocationHelper.java:84)
	at org.testng.internal.Invoker.invokeMethod(Invoker.java:714)
	at org.testng.internal.Invoker.invokeTestMethod(Invoker.java:901)
	at org.testng.internal.Invoker.invokeTestMethods(Invoker.java:1231)
	at org.testng.internal.TestMethodWorker.invokeTestMethods(TestMethodWorker.java:127)
	at org.testng.internal.TestMethodWorker.run(TestMethodWorker.java:111)
	at org.testng.TestRunner.privateRun(TestRunner.java:767)
	at org.testng.TestRunner.run(TestRunner.java:617)
	at org.testng.SuiteRunner.runTest(SuiteRunner.java:334)
	at org.testng.SuiteRunner.runSequentially(SuiteRunner.java:329)
	at org.testng.SuiteRunner.privateRun(SuiteRunner.java:291)
	at org.testng.SuiteRunner.run(SuiteRunner.java:240)
	at org.testng.SuiteRunnerWorker.runSuite(SuiteRunnerWorker.java:52)
	at org.testng.SuiteRunnerWorker.run(SuiteRunnerWorker.java:86)
	at org.testng.TestNG.runSuitesSequentially(TestNG.java:1224)
	at org.testng.TestNG.runSuitesLocally(TestNG.java:1149)
	at org.testng.TestNG.run(TestNG.java:1057)
	at org.testng.remote.RemoteTestNG.run(RemoteTestNG.java:111)
	at org.testng.remote.RemoteTestNG.initAndRun(RemoteTestNG.java:204)
	at org.testng.remote.RemoteTestNG.main(RemoteTestNG.java:175)
]]>
    </failure>
  </testcase> <!-- _21_T_ClickOnLine -->
  <testcase name="_22_T_PopUpOnVertex" time="17.031" classname="Tests._22_PopUpOnVertex"/>
  <testcase name="_23_T_DeletePersonFromGraph" time="25.692" classname="Tests._23_DeletePersonFromGraph"/>
  <testcase name="_24_T_AllDeletePersonFromGraph" time="68.887" classname="Tests._24_AllDeletePersonFromGraph"/>
  <testcase name="_25_T_ClickOnVertex" time="27.453" classname="Tests._25_ClickOnVertex"/>
  <testcase name="_26_T_" time="0.053" classname="Tests._25_ClickOnVertex"/>
  <testcase name="_26_T_AddPersonFromGraph" time="20.234" classname="Tests._26_AddPersonFromGraph"/>
  <testcase name="_27_T_LineSwitch" time="58.762" classname="Tests._27_LineSwitch"/>
</testsuite> <!-- mainPage -->
